<?xml version="1.0" encoding="UTF-8"?>
<!-- Generated by org.testng.reporters.JUnitReportReporter -->
<testsuite hostname="LAPTOP-KHP3G1HB" failures="0" tests="10" name="automation.LambdaTestAutomation" time="9.543" errors="0" timestamp="10 Mar 2025 05:38:13 GMT" skipped="0">
  <testcase classname="automation.LambdaTestAutomation" name="navigateToLambdaTest" time="2.907"/>
  <testcase classname="automation.LambdaTestAutomation" name="clickExploreAllIntegrations" time="0.342"/>
  <testcase classname="automation.LambdaTestAutomation" name="handleNewTab" time="0.358"/>
  <testcase classname="automation.LambdaTestAutomation" name="verifyIntegrationsPageURL" time="0.024"/>
  <testcase classname="automation.LambdaTestAutomation" name="scrollToCodelessAutomation" time="0.042"/>
  <testcase classname="automation.LambdaTestAutomation" name="clickTestingWhizIntegration" time="1.118"/>
  <testcase classname="automation.LambdaTestAutomation" name="verifyTestingWhizPageTitle" time="0.163"/>
  <testcase classname="automation.LambdaTestAutomation" name="closeNewTabAndSwitchBack" time="0.080"/>
  <testcase classname="automation.LambdaTestAutomation" name="navigateToBlog" time="0.928"/>
  <testcase classname="automation.LambdaTestAutomation" name="clickCommunityLinkAndVerify" time="3.581"/>
</testsuite> <!-- automation.LambdaTestAutomation -->
