<?xml version="1.0" encoding="UTF-8"?>
<!-- Generated by org.testng.reporters.JUnitReportReporter -->
<testsuite hostname="LAPTOP-KHP3G1HB" failures="0" tests="10" name="automation.AutomationGrid2" time="9.877" errors="0" timestamp="17 Mar 2025 04:00:11 GMT" skipped="0">
  <testcase classname="automation.AutomationGrid2" name="navigateToLambdaTest" time="2.567"/>
  <testcase classname="automation.AutomationGrid2" name="clickExploreAllIntegrations" time="0.329"/>
  <testcase classname="automation.AutomationGrid2" name="handleNewTab" time="0.318"/>
  <testcase classname="automation.AutomationGrid2" name="verifyIntegrationsPageURL" time="0.027"/>
  <testcase classname="automation.AutomationGrid2" name="scrollToCodelessAutomation" time="0.033"/>
  <testcase classname="automation.AutomationGrid2" name="clickTestingWhizIntegration" time="0.965"/>
  <testcase classname="automation.AutomationGrid2" name="verifyTestingWhizPageTitle" time="0.162"/>
  <testcase classname="automation.AutomationGrid2" name="closeNewTabAndSwitchBack" time="0.087"/>
  <testcase classname="automation.AutomationGrid2" name="navigateToBlog" time="0.861"/>
  <testcase classname="automation.AutomationGrid2" name="clickCommunityLinkAndVerify" time="4.528"/>
</testsuite> <!-- automation.AutomationGrid2 -->
