<?xml version="1.0" encoding="UTF-8"?>
<!-- Generated by org.testng.reporters.JUnitReportReporter -->
<testsuite hostname="LAPTOP-KHP3G1HB" failures="0" tests="10" name="automation.LambdaTestAutomationGrid" time="13.292" errors="0" timestamp="17 Mar 2025 05:01:25 GMT" skipped="0">
  <testcase classname="automation.LambdaTestAutomationGrid" name="navigateToLambdaTest" time="2.202"/>
  <testcase classname="automation.LambdaTestAutomationGrid" name="clickExploreAllIntegrations" time="1.324"/>
  <testcase classname="automation.LambdaTestAutomationGrid" name="handleNewTab" time="0.644"/>
  <testcase classname="automation.LambdaTestAutomationGrid" name="verifyIntegrationsPageURL" time="0.447"/>
  <testcase classname="automation.LambdaTestAutomationGrid" name="scrollToCodelessAutomation" time="0.395"/>
  <testcase classname="automation.LambdaTestAutomationGrid" name="clickTestingWhizIntegration" time="1.661"/>
  <testcase classname="automation.LambdaTestAutomationGrid" name="verifyTestingWhizPageTitle" time="0.690"/>
  <testcase classname="automation.LambdaTestAutomationGrid" name="closeNewTabAndSwitchBack" time="0.715"/>
  <testcase classname="automation.LambdaTestAutomationGrid" name="navigateToBlog" time="0.276"/>
  <testcase classname="automation.LambdaTestAutomationGrid" name="clickCommunityLinkAndVerify" time="4.938"/>
</testsuite> <!-- automation.LambdaTestAutomationGrid -->
